<?xml version="1.0" encoding="UTF-8"?>
<testsuite name="ExamTest" tests="28" skipped="0" failures="0" errors="0" timestamp="2022-11-21T01:24:21" hostname="SUPERWINIX" time="15.134">
  <properties/>
  <testcase name="Latihan 1" classname="ExamTest" time="0.013"/>
  <testcase name="Latihan 1" classname="ExamTest" time="0.0"/>
  <testcase name="Latihan 1" classname="ExamTest" time="0.001"/>
  <testcase name="Latihan 1" classname="ExamTest" time="0.0"/>
  <testcase name="Latihan 1" classname="ExamTest" time="0.0"/>
  <testcase name="Latihan 1" classname="ExamTest" time="0.0"/>
  <testcase name="Latihan 1" classname="ExamTest" time="0.0"/>
  <testcase name="Latihan 1" classname="ExamTest" time="0.0"/>
  <testcase name="Latihan 1" classname="ExamTest" time="0.0"/>
  <testcase name="Latihan 1" classname="ExamTest" time="0.0"/>
  <testcase name="Latihan 2" classname="ExamTest" time="0.001"/>
  <testcase name="Latihan 2" classname="ExamTest" time="0.001"/>
  <testcase name="Latihan 2" classname="ExamTest" time="0.001"/>
  <testcase name="Latihan 3" classname="ExamTest" time="0.001"/>
  <testcase name="Latihan 3" classname="ExamTest" time="0.001"/>
  <testcase name="Latihan 3" classname="ExamTest" time="0.001"/>
  <testcase name="Latihan 3" classname="ExamTest" time="0.0"/>
  <testcase name="Latihan 3" classname="ExamTest" time="0.0"/>
  <testcase name="Latihan 4" classname="ExamTest" time="0.001"/>
  <testcase name="Latihan 4" classname="ExamTest" time="0.0"/>
  <testcase name="Latihan 4" classname="ExamTest" time="0.0"/>
  <testcase name="Latihan 4" classname="ExamTest" time="0.0"/>
  <testcase name="Latihan 5" classname="ExamTest" time="3.018"/>
  <testcase name="Latihan 5" classname="ExamTest" time="3.022"/>
  <testcase name="Latihan 5" classname="ExamTest" time="3.011"/>
  <testcase name="Latihan 5" classname="ExamTest" time="2.015"/>
  <testcase name="Latihan 5" classname="ExamTest" time="2.02"/>
  <testcase name="Latihan 5" classname="ExamTest" time="2.019"/>
  <system-out><![CDATA[]]></system-out>
  <system-err><![CDATA[]]></system-err>
</testsuite>
